<?xml version="1.0" encoding="UTF-8"?>
<testng-results ignored="0" total="1" passed="1" failed="0" skipped="0">
  <reporter-output>
  </reporter-output>
  <suite started-at="2020-10-15T09:31:02Z" name="Default suite" finished-at="2020-10-15T09:31:09Z" duration-ms="7589">
    <groups>
    </groups>
    <test started-at="2020-10-15T09:31:02Z" name="Default test" finished-at="2020-10-15T09:31:09Z" duration-ms="7589">
      <class name="com.test.NewTest">
        <test-method signature="f()[pri:0, instance:com.test.NewTest@4c6e276e]" started-at="2020-10-15T15:01:02Z" name="f" finished-at="2020-10-15T15:01:09Z" duration-ms="7547" status="PASS">
          <reporter-output>
          </reporter-output>
        </test-method> <!-- f -->
      </class> <!-- com.test.NewTest -->
    </test> <!-- Default test -->
  </suite> <!-- Default suite -->
</testng-results>
